============================= test session starts =============================
platform win32 -- Python 3.14.3, pytest-8.2.2, pluggy-1.6.0 -- C:\Users\badbu\AppData\Local\Programs\Python\Python314\python.exe
cachedir: .pytest_cache
hypothesis profile 'default'
rootdir: C:\Users\badbu\Documents\github\UIDT-Framework-V3.9
plugins: anyio-4.12.1, hypothesis-6.152.8, langsmith-0.7.6, cov-7.1.0
collecting ... collected 78 items

verification/scripts/test_L1_bare_gamma_session2.py::test_rg_constraint PASSED [  1%]
verification/scripts/test_L1_bare_gamma_session2.py::test_bare_gamma_formula PASSED [  2%]
verification/scripts/test_L1_bare_gamma_session2.py::test_bare_gamma_within_2delta PASSED [  3%]
verification/scripts/test_L1_bare_gamma_session2.py::test_delta_sign_positive PASSED [  5%]
verification/scripts/test_L1_bare_gamma_session2.py::test_tachyon_mu_scale PASSED [  6%]
verification/scripts/test_L1_bare_gamma_session2.py::test_torsion_kill_switch PASSED [  7%]
verification/tests/test_core_baseline.py::test_banach_convergence PASSED [  8%]
verification/tests/test_core_baseline.py::test_lipschitz_contraction PASSED [ 10%]
verification/tests/test_core_baseline.py::test_rg_closure PASSED         [ 11%]
verification/tests/test_core_baseline.py::test_canonical_v395_lambda_s PASSED [ 12%]
verification/tests/test_covariant_unification.py::test_covariant_unification_equation_of_state PASSED [ 14%]
verification/tests/test_covariant_unification.py::test_covariant_unification_ir_limit PASSED [ 15%]
verification/tests/test_geometric_operator.py::TestGeometricOperator::test_apply_zero_mass_gap PASSED [ 16%]
verification/tests/test_geometric_operator.py::TestGeometricOperator::test_apply_positive_harmonic_ir PASSED [ 17%]
verification/tests/test_geometric_operator.py::TestGeometricOperator::test_apply_negative_harmonic_uv PASSED [ 19%]
verification/tests/test_geometric_operator.py::TestGeometricOperator::test_constants_integrity PASSED [ 20%]
verification/tests/test_geometric_operator.py::TestGeometricOperatorStress::test_stress_test_censored PASSED [ 21%]
verification/tests/test_geometric_operator.py::TestGeometricOperatorStress::test_stress_test_boundary PASSED [ 23%]
verification/tests/test_geometric_operator.py::TestGeometricOperatorStress::test_stress_test_stable PASSED [ 24%]
verification/tests/test_geometric_operator.py::TestGeometricOperatorStress::test_stress_test_high_precision_boundary PASSED [ 25%]
verification/tests/test_harmonic_predictions.py::TestHarmonicPredictor::test_initialization PASSED [ 26%]
verification/tests/test_harmonic_predictions.py::TestHarmonicPredictor::test_predict_omega_bbb PASSED [ 28%]
verification/tests/test_harmonic_predictions.py::TestHarmonicPredictor::test_predict_tetraquark_cccc PASSED [ 29%]
verification/tests/test_harmonic_predictions.py::TestHarmonicPredictor::test_predict_x17_anomaly PASSED [ 30%]
verification/tests/test_harmonic_predictions.py::TestHarmonicPredictor::test_predict_x2370_resonance PASSED [ 32%]
verification/tests/test_harmonic_predictions.py::TestHarmonicPredictor::test_predict_glueball_tensor PASSED [ 33%]
verification/tests/test_harmonic_predictions.py::TestHarmonicPredictor::test_predict_glueball_pseudoscalar PASSED [ 34%]
verification/tests/test_harmonic_predictions.py::TestHarmonicPredictor::test_generate_report PASSED [ 35%]
verification/tests/test_harmonic_predictions.py::TestHarmonicPredictor::test_check_proton_anchor PASSED [ 37%]
verification/tests/test_l4_gamma_derivation.py::test_rg_constraint PASSED [ 38%]
verification/tests/test_l4_gamma_derivation.py::test_49_over_3_is_nearest_group_factor PASSED [ 39%]
verification/tests/test_l4_gamma_derivation.py::test_h4_n99_bridge PASSED [ 41%]
verification/tests/test_l4_gamma_derivation.py::test_b0_c2fund_lower_bound PASSED [ 42%]
verification/tests/test_l4_gamma_derivation.py::test_l4_status_unchanged PASSED [ 43%]
verification/tests/test_lattice_topology.py::TestTorsionLattice::test_calculate_vacuum_energy_zero_planck_mass PASSED [ 44%]
verification/tests/test_lattice_topology.py::TestTorsionLattice::test_calculate_vacuum_frequency PASSED [ 46%]
verification/tests/test_lattice_topology.py::TestTorsionLattice::test_check_thermodynamic_limit PASSED [ 47%]
verification/tests/test_math_solvers.py::TestSolveExactCubicV::test_happy_path PASSED [ 48%]
verification/tests/test_math_solvers.py::TestSolveExactCubicV::test_kappa_zero PASSED [ 50%]
verification/tests/test_math_solvers.py::TestSolveExactCubicV::test_lambda_zero PASSED [ 51%]
verification/tests/test_math_solvers.py::TestSolveExactCubicV::test_numerical_stability_small_lambda PASSED [ 52%]
verification/tests/test_modules_language.py::test_modules_are_english_only_heuristic PASSED [ 53%]
verification/tests/test_monte_carlo_summary.py::test_delta_ledger_consistency PASSED [ 55%]
verification/tests/test_monte_carlo_summary.py::test_gamma_ledger_consistency PASSED [ 56%]
verification/tests/test_monte_carlo_summary.py::test_delta_hp_precision PASSED [ 57%]
verification/tests/test_monte_carlo_summary.py::test_gamma_hp_precision PASSED [ 58%]
verification/tests/test_monte_carlo_summary.py::test_csv_delta_mean PASSED [ 60%]
verification/tests/test_monte_carlo_summary.py::test_csv_gamma_mean PASSED [ 61%]
verification/tests/test_monte_carlo_summary.py::test_csv_psi_mean PASSED [ 62%]
verification/tests/test_monte_carlo_summary.py::test_gamma_psi_correlation PASSED [ 64%]
verification/tests/test_monte_carlo_summary.py::test_rg_constraint PASSED [ 65%]
verification/tests/test_monte_carlo_summary.py::test_torsion_kill_switch PASSED [ 66%]
verification/tests/test_no_float_in_modules.py::test_no_float_or_round_in_module[C:\\Users\\badbu\\Documents\\github\\UIDT-Framework-V3.9\\modules\\covariant_unification.py] PASSED [ 67%]
verification/tests/test_no_float_in_modules.py::test_no_float_or_round_in_module[C:\\Users\\badbu\\Documents\\github\\UIDT-Framework-V3.9\\modules\\geometric_operator.py] PASSED [ 69%]
verification/tests/test_no_float_in_modules.py::test_no_float_or_round_in_module[C:\\Users\\badbu\\Documents\\github\\UIDT-Framework-V3.9\\modules\\harmonic_predictions.py] PASSED [ 70%]
verification/tests/test_no_float_in_modules.py::test_no_float_or_round_in_module[C:\\Users\\badbu\\Documents\\github\\UIDT-Framework-V3.9\\modules\\lattice_topology.py] PASSED [ 71%]
verification/tests/test_no_float_in_modules.py::test_no_float_or_round_in_module[C:\\Users\\badbu\\Documents\\github\\UIDT-Framework-V3.9\\modules\\photonic_isomorphism.py] PASSED [ 73%]
verification/tests/test_no_float_in_modules.py::test_no_float_or_round_in_module[C:\\Users\\badbu\\Documents\\github\\UIDT-Framework-V3.9\\modules\\rt_geodesics.py] PASSED [ 74%]
verification/tests/test_no_float_in_modules.py::test_no_float_or_round_in_module[C:\\Users\\badbu\\Documents\\github\\UIDT-Framework-V3.9\\modules\\__init__.py] PASSED [ 75%]
verification/tests/test_photonic_isomorphism.py::TestPhotonicIsomorphism::test_initialization_constants PASSED [ 76%]
verification/tests/test_photonic_isomorphism.py::TestPhotonicIsomorphism::test_metamaterial_index_calculation PASSED [ 78%]
verification/tests/test_photonic_isomorphism.py::TestPhotonicIsomorphism::test_wormhole_transition_prediction PASSED [ 79%]
verification/tests/test_public_docs_compliance.py::test_readme_has_no_invalid_evidence_tags PASSED [ 80%]
verification/tests/test_public_docs_compliance.py::test_readme_has_no_cosmology_closure_language PASSED [ 82%]
verification/tests/test_public_docs_compliance.py::test_readme_delta_is_marked_as_spectral_gap PASSED [ 83%]
verification/tests/test_reference_traceability.py::test_theoretical_notes_desi_reference_is_correct PASSED [ 84%]
verification/tests/test_simulation_compliance.py::test_hmc_scripts_have_seed_argument PASSED [ 85%]
verification/tests/test_simulation_compliance.py::test_su3_taylor_orders_are_at_least_40 PASSED [ 87%]
verification/tests/test_torsion_consistency.py::TestTorsionConsistency::test_lattice_folding_factor PASSED [ 88%]
verification/tests/test_torsion_consistency.py::TestTorsionConsistency::test_torsion_energy_constant PASSED [ 89%]
verification/tests/test_torsion_consistency.py::TestTorsionConsistency::test_vacuum_frequency_derivation PASSED [ 91%]
verification/tests/test_torsion_kill_switch.py::test_torsion_kill_switch_invariant PASSED [ 92%]
verification/tests/test_torsion_kill_switch.py::test_torsion_kill_switch_function PASSED [ 93%]
verification/tests/test_uidt_proof_engine.py::TestUIDTProver::test_initialization_constants PASSED [ 94%]
verification/tests/test_uidt_proof_engine.py::TestUIDTProver::test_contraction_map_determinism PASSED [ 96%]
verification/tests/test_uidt_proof_engine.py::TestUIDTProver::test_mass_gap_convergence PASSED [ 97%]
verification/tests/test_uidt_proof_engine.py::TestUIDTProver::test_interrupted_convergence PASSED [ 98%]
verification/tests/test_uidt_proof_engine.py::TestUIDTProver::test_vacuum_energy_validation PASSED [100%]

============================= 78 passed in 13.18s =============================
